\BOOKMARK [1][-]{section*.1}{\376\377\000T\000a\000b\000l\000e\000\040\000o\000f\000\040\000A\000b\000b\000r\000e\000v\000i\000a\000t\000i\000o\000n\000s}{}% 1
\BOOKMARK [1][-]{section.1}{\376\377\000O\000v\000e\000r\000v\000i\000e\000w}{}% 2
\BOOKMARK [2][-]{subsection.1.1}{\376\377\000A\000b\000s\000t\000r\000a\000c\000t}{section.1}% 3
\BOOKMARK [2][-]{subsection.1.2}{\376\377\000A\000c\000k\000n\000o\000w\000l\000e\000d\000g\000e\000m\000e\000n\000t\000s}{section.1}% 4
\BOOKMARK [1][-]{section.2}{\376\377\000I\000n\000t\000r\000o\000d\000u\000c\000t\000i\000o\000n}{}% 5
\BOOKMARK [1][-]{section.3}{\376\377\000L\000i\000t\000e\000r\000a\000t\000u\000r\000e\000\040\000R\000e\000v\000i\000e\000w}{}% 6
\BOOKMARK [2][-]{subsection.3.1}{\376\377\000S\000u\000b\000s\000e\000c\000t\000i\000o\000n}{section.3}% 7
\BOOKMARK [2][-]{subsection.3.2}{\376\377\000S\000u\000b\000s\000e\000c\000t\000i\000o\000n}{section.3}% 8
\BOOKMARK [1][-]{section.4}{\376\377\000M\000e\000t\000h\000o\000d\000o\000l\000o\000g\000y}{}% 9
\BOOKMARK [2][-]{subsection.4.1}{\376\377\000S\000u\000b\000s\000e\000c\000t\000i\000o\000n}{section.4}% 10
\BOOKMARK [1][-]{section.5}{\376\377\000E\000x\000p\000e\000r\000i\000m\000e\000n\000t\000a\000t\000i\000o\000n\000/\000R\000e\000s\000u\000l\000t\000s}{}% 11
\BOOKMARK [2][-]{subsection.5.1}{\376\377\000S\000u\000b\000s\000e\000c\000t\000i\000o\000n}{section.5}% 12
\BOOKMARK [1][-]{section.6}{\376\377\000D\000i\000s\000c\000u\000s\000s\000i\000o\000n}{}% 13
\BOOKMARK [2][-]{subsection.6.1}{\376\377\000S\000u\000b\000s\000e\000c\000t\000i\000o\000n}{section.6}% 14
\BOOKMARK [3][-]{subsubsection.6.1.1}{\376\377\000S\000u\000b\000s\000u\000b\000s\000e\000c\000t\000i\000o\000n}{subsection.6.1}% 15
\BOOKMARK [1][-]{section.7}{\376\377\000C\000o\000n\000c\000l\000u\000s\000i\000o\000n\000s}{}% 16
\BOOKMARK [2][-]{subsection.7.1}{\376\377\000S\000u\000b\000s\000e\000c\000t\000i\000o\000n}{section.7}% 17
\BOOKMARK [2][-]{subsection.7.2}{\376\377\000S\000u\000b\000s\000e\000c\000t\000i\000o\000n}{section.7}% 18
\BOOKMARK [3][-]{subsubsection.7.2.1}{\376\377\000S\000u\000b\000s\000u\000b\000s\000e\000c\000t\000i\000o\000n}{subsection.7.2}% 19
\BOOKMARK [1][-]{section*.2}{\376\377\000R\000e\000f\000e\000r\000e\000n\000c\000e\000s}{}% 20
\BOOKMARK [1][-]{section.8}{\376\377\000A\000p\000p\000e\000n\000d\000i\000x\000\040\000O\000n\000e\000:\000\040\000A\000c\000c\000o\000m\000p\000a\000n\000y\000i\000n\000g\000\040\000A\000r\000c\000h\000i\000v\000e\000\040\000a\000n\000d\000\040\000I\000n\000s\000t\000r\000u\000c\000t\000i\000o\000n\000s}{}% 21
\BOOKMARK [2][-]{subsection.8.1}{\376\377\000D\000i\000r\000e\000c\000t\000o\000r\000y\000\040\000S\000t\000r\000u\000c\000t\000u\000r\000e}{section.8}% 22
\BOOKMARK [2][-]{subsection.8.2}{\376\377\000R\000u\000n\000n\000i\000n\000g\000\040\000t\000h\000e\000\040\000P\000r\000o\000v\000i\000d\000e\000d\000\040\000C\000o\000d\000e}{section.8}% 23
